TN:
SF:src\App.tsx
FN:11,App
FNF:1
FNH:0
FNDA:0,App
DA:2,0
DA:4,0
DA:6,0
DA:7,0
DA:9,0
DA:13,0
DA:24,0
LF:7
LH:0
BRF:0
BRH:0
end_of_record
TN:
SF:src\main.tsx
FNF:0
FNH:0
DA:1,0
DA:2,0
DA:3,0
DA:4,0
DA:5,0
DA:7,0
LF:6
LH:0
BRF:0
BRH:0
end_of_record
TN:
SF:src\components\Navbar\Navbar.tsx
FN:3,Navbar
FNF:1
FNH:0
FNDA:0,Navbar
DA:1,0
DA:4,0
DA:26,0
LF:3
LH:0
BRF:0
BRH:0
end_of_record
TN:
SF:src\pages\Admin.tsx
FN:13,Admin
FN:18,(anonymous_1)
FN:25,(anonymous_2)
FN:28,(anonymous_3)
FN:31,(anonymous_4)
FN:41,(anonymous_5)
FNF:6
FNH:3
FNDA:1,Admin
FNDA:1,(anonymous_1)
FNDA:0,(anonymous_2)
FNDA:0,(anonymous_3)
FNDA:1,(anonymous_4)
FNDA:0,(anonymous_5)
DA:1,1
DA:2,1
DA:15,1
DA:16,1
DA:18,1
DA:19,1
DA:26,0
DA:28,0
DA:31,1
DA:32,1
DA:36,1
DA:42,0
DA:54,1
LF:13
LH:10
BRF:0
BRH:0
end_of_record
TN:
SF:src\pages\Home.tsx
FN:3,Home
FNF:1
FNH:0
FNDA:0,Home
DA:1,0
DA:4,0
DA:9,0
LF:3
LH:0
BRF:0
BRH:0
end_of_record
